
  .   ____          _            __ _ _
 /\\ / ___'_ __ _ _(_)_ __  __ _ \ \ \ \
( ( )\___ | '_ | '_| | '_ \/ _` | \ \ \ \
 \\/  ___)| |_)| | | | | || (_| |  ) ) ) )
  '  |____| .__|_| |_|_| |_\__, | / / / /
 =========|_|==============|___/=/_/_/_/
 :: Spring Boot ::        (v1.5.9.RELEASE)

2018-02-07 10:30:09.570 DEBUG 7649 --- [           main] o.s.w.c.s.StandardServletEnvironment     : Adding PropertySource 'servletConfigInitParams' with lowest search precedence
2018-02-07 10:30:09.857 DEBUG 7649 --- [           main] o.s.w.c.s.StandardServletEnvironment     : Adding PropertySource 'servletContextInitParams' with lowest search precedence
2018-02-07 10:30:09.858 DEBUG 7649 --- [           main] o.s.w.c.s.StandardServletEnvironment     : Adding PropertySource 'systemProperties' with lowest search precedence
2018-02-07 10:30:09.858 DEBUG 7649 --- [           main] o.s.w.c.s.StandardServletEnvironment     : Adding PropertySource 'systemEnvironment' with lowest search precedence
2018-02-07 10:30:09.859 DEBUG 7649 --- [           main] o.s.w.c.s.StandardServletEnvironment     : Initialized StandardServletEnvironment with PropertySources [StubPropertySource {name='servletConfigInitParams'}, StubPropertySource {name='servletContextInitParams'}, MapPropertySource {name='systemProperties'}, SystemEnvironmentPropertySource {name='systemEnvironment'}]
2018-02-07 10:30:31.137 DEBUG 7649 --- [           main] o.s.w.c.s.StandardServletEnvironment     : Adding PropertySource 'applicationConfig: [classpath:/application.properties]' with search precedence immediately lower than 'applicationConfigurationProperties'
2018-02-07 10:30:31.137 DEBUG 7649 --- [           main] o.s.w.c.s.StandardServletEnvironment     : Removing PropertySource 'applicationConfigurationProperties'
2018-02-07 10:30:31.138 DEBUG 7649 --- [           main] o.s.w.c.s.StandardServletEnvironment     : Removing PropertySource 'defaultProperties'
2018-02-07 10:30:41.561 DEBUG 7649 --- [ost-startStop-1] o.s.web.context.ContextLoader            : Published root WebApplicationContext as ServletContext attribute with name [org.springframework.web.context.WebApplicationContext.ROOT]
2018-02-07 10:30:41.564  INFO 7649 --- [ost-startStop-1] o.s.web.context.ContextLoader            : Root WebApplicationContext: initialization completed in 29682 ms
2018-02-07 10:30:43.239 DEBUG 7649 --- [           main] o.s.w.c.s.StandardServletEnvironment     : Replacing PropertySource 'servletContextInitParams' with 'servletContextInitParams'
2018-02-07 10:31:10.566  INFO 7649 --- [           main] s.w.s.m.m.a.RequestMappingHandlerAdapter : Looking for @ControllerAdvice: org.springframework.boot.context.embedded.AnnotationConfigEmbeddedWebApplicationContext@2328c243: startup date [Wed Feb 07 10:30:11 EAT 2018]; root of context hierarchy
2018-02-07 10:31:11.260 DEBUG 7649 --- [           main] s.w.s.m.m.a.RequestMappingHandlerMapping : Looking for request mappings in application context: org.springframework.boot.context.embedded.AnnotationConfigEmbeddedWebApplicationContext@2328c243: startup date [Wed Feb 07 10:30:11 EAT 2018]; root of context hierarchy
2018-02-07 10:31:11.262 DEBUG 7649 --- [           main] s.w.s.m.m.a.RequestMappingHandlerMapping : 0 request handler methods found on class rest.utils.responses.CustomResponseEntityExceptionHandler: {}
2018-02-07 10:31:11.483 DEBUG 7649 --- [           main] s.w.s.m.m.a.RequestMappingHandlerMapping : 1 request handler methods found on class rest.controllers.AccountController: {public org.springframework.http.ResponseEntity rest.controllers.AccountController.createAccount(rest.entities.Account)={[/account/create],methods=[POST],produces=[application/json]}}
2018-02-07 10:31:11.485  INFO 7649 --- [           main] s.w.s.m.m.a.RequestMappingHandlerMapping : Mapped "{[/account/create],methods=[POST],produces=[application/json]}" onto public org.springframework.http.ResponseEntity<rest.utils.responses.CustomResponse> rest.controllers.AccountController.createAccount(rest.entities.Account)
2018-02-07 10:31:11.571 DEBUG 7649 --- [           main] s.w.s.m.m.a.RequestMappingHandlerMapping : 7 request handler methods found on class rest.controllers.MerchantController: {public org.springframework.http.ResponseEntity rest.controllers.MerchantController.getMerchant(java.util.UUID)={[/api/merchants/{id}],methods=[GET],produces=[application/json]}, public org.springframework.http.ResponseEntity rest.controllers.MerchantController.deleteMerchant(java.util.UUID)={[/api/merchants/{id}],methods=[DELETE],produces=[application/json]}, public org.springframework.http.ResponseEntity rest.controllers.MerchantController.createMerchant(rest.entities.Merchant)={[/api/merchants/],methods=[POST],produces=[application/json]}, public org.springframework.http.ResponseEntity rest.controllers.MerchantController.updateMerchant(java.util.UUID,rest.entities.Merchant)={[/api/merchants/{id}],methods=[PUT],produces=[application/json]}, public org.springframework.http.ResponseEntity rest.controllers.MerchantController.getDevices(java.util.UUID)={[/api/merchants/{id}/devices],methods=[GET],produces=[application/json]}, public org.springframework.http.ResponseEntity rest.controllers.MerchantController.createDevice()={[/api/merchants/{id}/devices],methods=[POST],produces=[application/json]}, public org.springframework.http.ResponseEntity rest.controllers.MerchantController.getAllMerchants()={[/api/merchants/],methods=[GET],produces=[application/json]}}
2018-02-07 10:31:11.572  INFO 7649 --- [           main] s.w.s.m.m.a.RequestMappingHandlerMapping : Mapped "{[/api/merchants/{id}],methods=[GET],produces=[application/json]}" onto public org.springframework.http.ResponseEntity<rest.utils.responses.CustomResponse> rest.controllers.MerchantController.getMerchant(java.util.UUID)
2018-02-07 10:31:11.573  INFO 7649 --- [           main] s.w.s.m.m.a.RequestMappingHandlerMapping : Mapped "{[/api/merchants/{id}],methods=[DELETE],produces=[application/json]}" onto public org.springframework.http.ResponseEntity<rest.utils.responses.CustomResponse> rest.controllers.MerchantController.deleteMerchant(java.util.UUID)
2018-02-07 10:31:11.574  INFO 7649 --- [           main] s.w.s.m.m.a.RequestMappingHandlerMapping : Mapped "{[/api/merchants/],methods=[POST],produces=[application/json]}" onto public org.springframework.http.ResponseEntity<rest.utils.responses.CustomResponse> rest.controllers.MerchantController.createMerchant(rest.entities.Merchant)
2018-02-07 10:31:11.574  INFO 7649 --- [           main] s.w.s.m.m.a.RequestMappingHandlerMapping : Mapped "{[/api/merchants/{id}],methods=[PUT],produces=[application/json]}" onto public org.springframework.http.ResponseEntity<rest.utils.responses.CustomResponse> rest.controllers.MerchantController.updateMerchant(java.util.UUID,rest.entities.Merchant)
2018-02-07 10:31:11.575  INFO 7649 --- [           main] s.w.s.m.m.a.RequestMappingHandlerMapping : Mapped "{[/api/merchants/{id}/devices],methods=[GET],produces=[application/json]}" onto public org.springframework.http.ResponseEntity<rest.utils.responses.CustomResponse> rest.controllers.MerchantController.getDevices(java.util.UUID)
2018-02-07 10:31:11.576  INFO 7649 --- [           main] s.w.s.m.m.a.RequestMappingHandlerMapping : Mapped "{[/api/merchants/{id}/devices],methods=[POST],produces=[application/json]}" onto public org.springframework.http.ResponseEntity<rest.utils.responses.CustomResponse> rest.controllers.MerchantController.createDevice()
2018-02-07 10:31:11.576  INFO 7649 --- [           main] s.w.s.m.m.a.RequestMappingHandlerMapping : Mapped "{[/api/merchants/],methods=[GET],produces=[application/json]}" onto public org.springframework.http.ResponseEntity<rest.utils.responses.CustomResponse> rest.controllers.MerchantController.getAllMerchants()
2018-02-07 10:31:11.585 DEBUG 7649 --- [           main] s.w.s.m.m.a.RequestMappingHandlerMapping : 9 request handler methods found on class rest.controllers.DeviceController: {public org.springframework.http.ResponseEntity rest.controllers.DeviceController.authenticate(rest.entities.Device)={[/api/devices/authenticate],methods=[POST],produces=[application/json]}, public org.springframework.http.ResponseEntity rest.controllers.DeviceController.createDevice(rest.entities.Device)={[/api/devices/],methods=[POST],produces=[application/json]}, public org.springframework.http.ResponseEntity rest.controllers.DeviceController.getAllDevices()={[/api/devices/],methods=[GET],produces=[application/json]}, public org.springframework.http.ResponseEntity rest.controllers.DeviceController.getDevice(java.util.UUID)={[/api/devices/{id}],methods=[GET],produces=[application/json]}, public org.springframework.http.ResponseEntity rest.controllers.DeviceController.deleteDevice(java.util.UUID)={[/api/devices/{id}],methods=[DELETE],produces=[application/json]}, public org.springframework.http.ResponseEntity rest.controllers.DeviceController.updateDevice(java.util.UUID,rest.entities.Device)={[/api/devices/{id}],methods=[PUT],produces=[application/json]}, public org.springframework.http.ResponseEntity rest.controllers.DeviceController.createDeviceTrip(rest.entities.Trip,java.util.UUID)={[/api/devices/{id}/trips],methods=[POST],produces=[application/json]}, public org.springframework.http.ResponseEntity rest.controllers.DeviceController.getAllDeviceTrips(java.util.UUID)={[/api/devices/{id}/trips],methods=[GET],produces=[application/json]}, public org.springframework.http.ResponseEntity rest.controllers.DeviceController.getAllLatestDeviceTrips(java.util.UUID)={[/api/devices/{id}/latest-trips],methods=[GET],produces=[application/json]}}
2018-02-07 10:31:11.586  INFO 7649 --- [           main] s.w.s.m.m.a.RequestMappingHandlerMapping : Mapped "{[/api/devices/authenticate],methods=[POST],produces=[application/json]}" onto public org.springframework.http.ResponseEntity<rest.utils.responses.CustomResponse> rest.controllers.DeviceController.authenticate(rest.entities.Device)
2018-02-07 10:31:11.586  INFO 7649 --- [           main] s.w.s.m.m.a.RequestMappingHandlerMapping : Mapped "{[/api/devices/],methods=[POST],produces=[application/json]}" onto public org.springframework.http.ResponseEntity<rest.utils.responses.CustomResponse> rest.controllers.DeviceController.createDevice(rest.entities.Device)
2018-02-07 10:31:11.587  INFO 7649 --- [           main] s.w.s.m.m.a.RequestMappingHandlerMapping : Mapped "{[/api/devices/],methods=[GET],produces=[application/json]}" onto public org.springframework.http.ResponseEntity<rest.utils.responses.CustomResponse> rest.controllers.DeviceController.getAllDevices()
2018-02-07 10:31:11.587  INFO 7649 --- [           main] s.w.s.m.m.a.RequestMappingHandlerMapping : Mapped "{[/api/devices/{id}],methods=[GET],produces=[application/json]}" onto public org.springframework.http.ResponseEntity<rest.utils.responses.CustomResponse> rest.controllers.DeviceController.getDevice(java.util.UUID)
2018-02-07 10:31:11.587  INFO 7649 --- [           main] s.w.s.m.m.a.RequestMappingHandlerMapping : Mapped "{[/api/devices/{id}],methods=[DELETE],produces=[application/json]}" onto public org.springframework.http.ResponseEntity<rest.utils.responses.CustomResponse> rest.controllers.DeviceController.deleteDevice(java.util.UUID)
2018-02-07 10:31:11.588  INFO 7649 --- [           main] s.w.s.m.m.a.RequestMappingHandlerMapping : Mapped "{[/api/devices/{id}],methods=[PUT],produces=[application/json]}" onto public org.springframework.http.ResponseEntity<rest.utils.responses.CustomResponse> rest.controllers.DeviceController.updateDevice(java.util.UUID,rest.entities.Device)
2018-02-07 10:31:11.588  INFO 7649 --- [           main] s.w.s.m.m.a.RequestMappingHandlerMapping : Mapped "{[/api/devices/{id}/trips],methods=[POST],produces=[application/json]}" onto public org.springframework.http.ResponseEntity<rest.utils.responses.CustomResponse> rest.controllers.DeviceController.createDeviceTrip(rest.entities.Trip,java.util.UUID)
2018-02-07 10:31:11.589  INFO 7649 --- [           main] s.w.s.m.m.a.RequestMappingHandlerMapping : Mapped "{[/api/devices/{id}/trips],methods=[GET],produces=[application/json]}" onto public org.springframework.http.ResponseEntity<rest.utils.responses.CustomResponse> rest.controllers.DeviceController.getAllDeviceTrips(java.util.UUID)
2018-02-07 10:31:11.589  INFO 7649 --- [           main] s.w.s.m.m.a.RequestMappingHandlerMapping : Mapped "{[/api/devices/{id}/latest-trips],methods=[GET],produces=[application/json]}" onto public org.springframework.http.ResponseEntity<rest.utils.responses.CustomResponse> rest.controllers.DeviceController.getAllLatestDeviceTrips(java.util.UUID)
2018-02-07 10:31:11.593 DEBUG 7649 --- [           main] s.w.s.m.m.a.RequestMappingHandlerMapping : 6 request handler methods found on class rest.controllers.TripController: {public org.springframework.http.ResponseEntity rest.controllers.TripController.deleteTrip(java.util.UUID)={[/api/trips/{id}],methods=[DELETE],produces=[application/json]}, public org.springframework.http.ResponseEntity rest.controllers.TripController.startTrip(java.util.UUID)={[/api/trips/{id}/start],methods=[POST],produces=[application/json]}, public org.springframework.http.ResponseEntity rest.controllers.TripController.stopTrip(java.util.UUID)={[/api/trips/{id}/stop],methods=[POST],produces=[application/json]}, public org.springframework.http.ResponseEntity rest.controllers.TripController.getSingleTrip(java.util.UUID)={[/api/trips/{id}],methods=[GET],produces=[application/json]}, public org.springframework.http.ResponseEntity rest.controllers.TripController.updateTrip(java.util.UUID,rest.entities.Trip)={[/api/trips/{id}],methods=[PUT],produces=[application/json]}, public org.springframework.http.ResponseEntity rest.controllers.TripController.getTrips()={[/api/trips/],methods=[GET],produces=[application/json]}}
2018-02-07 10:31:11.594  INFO 7649 --- [           main] s.w.s.m.m.a.RequestMappingHandlerMapping : Mapped "{[/api/trips/{id}],methods=[DELETE],produces=[application/json]}" onto public org.springframework.http.ResponseEntity<rest.utils.responses.CustomResponse> rest.controllers.TripController.deleteTrip(java.util.UUID)
2018-02-07 10:31:11.594  INFO 7649 --- [           main] s.w.s.m.m.a.RequestMappingHandlerMapping : Mapped "{[/api/trips/{id}/start],methods=[POST],produces=[application/json]}" onto public org.springframework.http.ResponseEntity<rest.utils.responses.CustomResponse> rest.controllers.TripController.startTrip(java.util.UUID)
2018-02-07 10:31:11.595  INFO 7649 --- [           main] s.w.s.m.m.a.RequestMappingHandlerMapping : Mapped "{[/api/trips/{id}/stop],methods=[POST],produces=[application/json]}" onto public org.springframework.http.ResponseEntity<rest.utils.responses.CustomResponse> rest.controllers.TripController.stopTrip(java.util.UUID)
2018-02-07 10:31:11.595  INFO 7649 --- [           main] s.w.s.m.m.a.RequestMappingHandlerMapping : Mapped "{[/api/trips/{id}],methods=[GET],produces=[application/json]}" onto public org.springframework.http.ResponseEntity<rest.utils.responses.CustomResponse> rest.controllers.TripController.getSingleTrip(java.util.UUID)
2018-02-07 10:31:11.596  INFO 7649 --- [           main] s.w.s.m.m.a.RequestMappingHandlerMapping : Mapped "{[/api/trips/{id}],methods=[PUT],produces=[application/json]}" onto public org.springframework.http.ResponseEntity<rest.utils.responses.CustomResponse> rest.controllers.TripController.updateTrip(java.util.UUID,rest.entities.Trip)
2018-02-07 10:31:11.596  INFO 7649 --- [           main] s.w.s.m.m.a.RequestMappingHandlerMapping : Mapped "{[/api/trips/],methods=[GET],produces=[application/json]}" onto public org.springframework.http.ResponseEntity<rest.utils.responses.CustomResponse> rest.controllers.TripController.getTrips()
2018-02-07 10:31:11.598 DEBUG 7649 --- [           main] s.w.s.m.m.a.RequestMappingHandlerMapping : 2 request handler methods found on class org.springframework.boot.autoconfigure.web.BasicErrorController: {public org.springframework.web.servlet.ModelAndView org.springframework.boot.autoconfigure.web.BasicErrorController.errorHtml(javax.servlet.http.HttpServletRequest,javax.servlet.http.HttpServletResponse)={[/error],produces=[text/html]}, public org.springframework.http.ResponseEntity org.springframework.boot.autoconfigure.web.BasicErrorController.error(javax.servlet.http.HttpServletRequest)={[/error]}}
2018-02-07 10:31:11.599  INFO 7649 --- [           main] s.w.s.m.m.a.RequestMappingHandlerMapping : Mapped "{[/error],produces=[text/html]}" onto public org.springframework.web.servlet.ModelAndView org.springframework.boot.autoconfigure.web.BasicErrorController.errorHtml(javax.servlet.http.HttpServletRequest,javax.servlet.http.HttpServletResponse)
2018-02-07 10:31:11.600  INFO 7649 --- [           main] s.w.s.m.m.a.RequestMappingHandlerMapping : Mapped "{[/error]}" onto public org.springframework.http.ResponseEntity<java.util.Map<java.lang.String, java.lang.Object>> org.springframework.boot.autoconfigure.web.BasicErrorController.error(javax.servlet.http.HttpServletRequest)
2018-02-07 10:31:11.846 DEBUG 7649 --- [           main] o.s.w.s.h.BeanNameUrlHandlerMapping      : Looking for URL mappings in application context: org.springframework.boot.context.embedded.AnnotationConfigEmbeddedWebApplicationContext@2328c243: startup date [Wed Feb 07 10:30:11 EAT 2018]; root of context hierarchy
2018-02-07 10:31:11.852 DEBUG 7649 --- [           main] o.s.w.s.h.BeanNameUrlHandlerMapping      : Rejected bean name 'org.springframework.context.annotation.internalConfigurationAnnotationProcessor': no URL paths identified
2018-02-07 10:31:11.853 DEBUG 7649 --- [           main] o.s.w.s.h.BeanNameUrlHandlerMapping      : Rejected bean name 'org.springframework.context.annotation.internalAutowiredAnnotationProcessor': no URL paths identified
2018-02-07 10:31:11.853 DEBUG 7649 --- [           main] o.s.w.s.h.BeanNameUrlHandlerMapping      : Rejected bean name 'org.springframework.context.annotation.internalRequiredAnnotationProcessor': no URL paths identified
2018-02-07 10:31:11.853 DEBUG 7649 --- [           main] o.s.w.s.h.BeanNameUrlHandlerMapping      : Rejected bean name 'org.springframework.context.annotation.internalCommonAnnotationProcessor': no URL paths identified
2018-02-07 10:31:11.853 DEBUG 7649 --- [           main] o.s.w.s.h.BeanNameUrlHandlerMapping      : Rejected bean name 'org.springframework.context.annotation.internalPersistenceAnnotationProcessor': no URL paths identified
2018-02-07 10:31:11.853 DEBUG 7649 --- [           main] o.s.w.s.h.BeanNameUrlHandlerMapping      : Rejected bean name 'org.springframework.context.event.internalEventListenerProcessor': no URL paths identified
2018-02-07 10:31:11.854 DEBUG 7649 --- [           main] o.s.w.s.h.BeanNameUrlHandlerMapping      : Rejected bean name 'org.springframework.context.event.internalEventListenerFactory': no URL paths identified
2018-02-07 10:31:11.859 DEBUG 7649 --- [           main] o.s.w.s.h.BeanNameUrlHandlerMapping      : Rejected bean name 'application': no URL paths identified
2018-02-07 10:31:11.859 DEBUG 7649 --- [           main] o.s.w.s.h.BeanNameUrlHandlerMapping      : Rejected bean name 'org.springframework.boot.autoconfigure.internalCachingMetadataReaderFactory': no URL paths identified
2018-02-07 10:31:11.859 DEBUG 7649 --- [           main] o.s.w.s.h.BeanNameUrlHandlerMapping      : Rejected bean name 'webSecurityConfig': no URL paths identified
2018-02-07 10:31:11.859 DEBUG 7649 --- [           main] o.s.w.s.h.BeanNameUrlHandlerMapping      : Rejected bean name 'webSecurityConfiguration': no URL paths identified
2018-02-07 10:31:11.860 DEBUG 7649 --- [           main] o.s.w.s.h.BeanNameUrlHandlerMapping      : Rejected bean name 'customResponseEntityExceptionHandler': no URL paths identified
2018-02-07 10:31:11.864 DEBUG 7649 --- [           main] o.s.w.s.h.BeanNameUrlHandlerMapping      : Rejected bean name 'accountController': no URL paths identified
2018-02-07 10:31:11.865 DEBUG 7649 --- [           main] o.s.w.s.h.BeanNameUrlHandlerMapping      : Rejected bean name 'merchantController': no URL paths identified
2018-02-07 10:31:11.958 DEBUG 7649 --- [           main] o.s.w.s.h.BeanNameUrlHandlerMapping      : Rejected bean name 'deviceController': no URL paths identified
2018-02-07 10:31:11.959 DEBUG 7649 --- [           main] o.s.w.s.h.BeanNameUrlHandlerMapping      : Rejected bean name 'tripController': no URL paths identified
2018-02-07 10:31:11.959 DEBUG 7649 --- [           main] o.s.w.s.h.BeanNameUrlHandlerMapping      : Rejected bean name 'org.springframework.security.config.annotation.configuration.ObjectPostProcessorConfiguration': no URL paths identified
2018-02-07 10:31:11.959 DEBUG 7649 --- [           main] o.s.w.s.h.BeanNameUrlHandlerMapping      : Rejected bean name 'objectPostProcessor': no URL paths identified
2018-02-07 10:31:11.960 DEBUG 7649 --- [           main] o.s.w.s.h.BeanNameUrlHandlerMapping      : Rejected bean name 'org.springframework.security.config.annotation.authentication.configuration.AuthenticationConfiguration': no URL paths identified
2018-02-07 10:31:11.960 DEBUG 7649 --- [           main] o.s.w.s.h.BeanNameUrlHandlerMapping      : Rejected bean name 'authenticationManagerBuilder': no URL paths identified
2018-02-07 10:31:11.960 DEBUG 7649 --- [           main] o.s.w.s.h.BeanNameUrlHandlerMapping      : Rejected bean name 'enableGlobalAuthenticationAutowiredConfigurer': no URL paths identified
2018-02-07 10:31:11.961 DEBUG 7649 --- [           main] o.s.w.s.h.BeanNameUrlHandlerMapping      : Rejected bean name 'initializeUserDetailsBeanManagerConfigurer': no URL paths identified
2018-02-07 10:31:11.961 DEBUG 7649 --- [           main] o.s.w.s.h.BeanNameUrlHandlerMapping      : Rejected bean name 'initializeAuthenticationProviderBeanManagerConfigurer': no URL paths identified
2018-02-07 10:31:11.964 DEBUG 7649 --- [           main] o.s.w.s.h.BeanNameUrlHandlerMapping      : Rejected bean name 'org.springframework.security.config.annotation.web.configuration.WebSecurityConfiguration': no URL paths identified
2018-02-07 10:31:11.964 DEBUG 7649 --- [           main] o.s.w.s.h.BeanNameUrlHandlerMapping      : Rejected bean name 'delegatingApplicationListener': no URL paths identified
2018-02-07 10:31:11.965 DEBUG 7649 --- [           main] o.s.w.s.h.BeanNameUrlHandlerMapping      : Rejected bean name 'webSecurityExpressionHandler': no URL paths identified
2018-02-07 10:31:11.965 DEBUG 7649 --- [           main] o.s.w.s.h.BeanNameUrlHandlerMapping      : Rejected bean name 'springSecurityFilterChain': no URL paths identified
2018-02-07 10:31:11.965 DEBUG 7649 --- [           main] o.s.w.s.h.BeanNameUrlHandlerMapping      : Rejected bean name 'privilegeEvaluator': no URL paths identified
2018-02-07 10:31:11.965 DEBUG 7649 --- [           main] o.s.w.s.h.BeanNameUrlHandlerMapping      : Rejected bean name 'autowiredWebSecurityConfigurersIgnoreParents': no URL paths identified
2018-02-07 10:31:11.965 DEBUG 7649 --- [           main] o.s.w.s.h.BeanNameUrlHandlerMapping      : Rejected bean name 'org.springframework.security.config.annotation.web.configuration.WebMvcSecurityConfiguration': no URL paths identified
2018-02-07 10:31:11.968 DEBUG 7649 --- [           main] o.s.w.s.h.BeanNameUrlHandlerMapping      : Rejected bean name 'requestDataValueProcessor': no URL paths identified
2018-02-07 10:31:11.968 DEBUG 7649 --- [           main] o.s.w.s.h.BeanNameUrlHandlerMapping      : Rejected bean name 'userDetailsService': no URL paths identified
2018-02-07 10:31:11.969 DEBUG 7649 --- [           main] o.s.w.s.h.BeanNameUrlHandlerMapping      : Rejected bean name 'org.springframework.boot.autoconfigure.AutoConfigurationPackages': no URL paths identified
2018-02-07 10:31:11.969 DEBUG 7649 --- [           main] o.s.w.s.h.BeanNameUrlHandlerMapping      : Rejected bean name 'org.springframework.boot.autoconfigure.context.PropertyPlaceholderAutoConfiguration': no URL paths identified
2018-02-07 10:31:11.969 DEBUG 7649 --- [           main] o.s.w.s.h.BeanNameUrlHandlerMapping      : Rejected bean name 'org.springframework.boot.autoconfigure.condition.BeanTypeRegistry': no URL paths identified
2018-02-07 10:31:11.969 DEBUG 7649 --- [           main] o.s.w.s.h.BeanNameUrlHandlerMapping      : Rejected bean name 'propertySourcesPlaceholderConfigurer': no URL paths identified
2018-02-07 10:31:11.969 DEBUG 7649 --- [           main] o.s.w.s.h.BeanNameUrlHandlerMapping      : Rejected bean name 'org.springframework.boot.autoconfigure.jackson.JacksonAutoConfiguration$Jackson2ObjectMapperBuilderCustomizerConfiguration': no URL paths identified
2018-02-07 10:31:11.969 DEBUG 7649 --- [           main] o.s.w.s.h.BeanNameUrlHandlerMapping      : Rejected bean name 'standardJacksonObjectMapperBuilderCustomizer': no URL paths identified
2018-02-07 10:31:11.970 DEBUG 7649 --- [           main] o.s.w.s.h.BeanNameUrlHandlerMapping      : Rejected bean name 'spring.jackson-org.springframework.boot.autoconfigure.jackson.JacksonProperties': no URL paths identified
2018-02-07 10:31:11.972 DEBUG 7649 --- [           main] o.s.w.s.h.BeanNameUrlHandlerMapping      : Rejected bean name 'org.springframework.boot.context.properties.ConfigurationPropertiesBindingPostProcessor': no URL paths identified
2018-02-07 10:31:11.972 DEBUG 7649 --- [           main] o.s.w.s.h.BeanNameUrlHandlerMapping      : Rejected bean name 'org.springframework.boot.context.properties.ConfigurationPropertiesBindingPostProcessor.store': no URL paths identified
2018-02-07 10:31:11.972 DEBUG 7649 --- [           main] o.s.w.s.h.BeanNameUrlHandlerMapping      : Rejected bean name 'org.springframework.boot.autoconfigure.jackson.JacksonAutoConfiguration$JacksonObjectMapperBuilderConfiguration': no URL paths identified
2018-02-07 10:31:11.973 DEBUG 7649 --- [           main] o.s.w.s.h.BeanNameUrlHandlerMapping      : Rejected bean name 'jacksonObjectMapperBuilder': no URL paths identified
2018-02-07 10:31:11.976 DEBUG 7649 --- [           main] o.s.w.s.h.BeanNameUrlHandlerMapping      : Rejected bean name 'org.springframework.boot.autoconfigure.jackson.JacksonAutoConfiguration$JacksonObjectMapperConfiguration': no URL paths identified
2018-02-07 10:31:11.976 DEBUG 7649 --- [           main] o.s.w.s.h.BeanNameUrlHandlerMapping      : Rejected bean name 'jacksonObjectMapper': no URL paths identified
2018-02-07 10:31:11.977 DEBUG 7649 --- [           main] o.s.w.s.h.BeanNameUrlHandlerMapping      : Rejected bean name 'org.springframework.boot.autoconfigure.jackson.JacksonAutoConfiguration': no URL paths identified
2018-02-07 10:31:11.977 DEBUG 7649 --- [           main] o.s.w.s.h.BeanNameUrlHandlerMapping      : Rejected bean name 'jsonComponentModule': no URL paths identified
2018-02-07 10:31:11.977 DEBUG 7649 --- [           main] o.s.w.s.h.BeanNameUrlHandlerMapping      : Rejected bean name 'org.springframework.boot.autoconfigure.websocket.WebSocketAutoConfiguration$TomcatWebSocketConfiguration': no URL paths identified
2018-02-07 10:31:11.978 DEBUG 7649 --- [           main] o.s.w.s.h.BeanNameUrlHandlerMapping      : Rejected bean name 'websocketContainerCustomizer': no URL paths identified
2018-02-07 10:31:11.978 DEBUG 7649 --- [           main] o.s.w.s.h.BeanNameUrlHandlerMapping      : Rejected bean name 'org.springframework.boot.autoconfigure.websocket.WebSocketAutoConfiguration': no URL paths identified
2018-02-07 10:31:11.979 DEBUG 7649 --- [           main] o.s.w.s.h.BeanNameUrlHandlerMapping      : Rejected bean name 'org.springframework.boot.autoconfigure.web.EmbeddedServletContainerAutoConfiguration$EmbeddedTomcat': no URL paths identified
2018-02-07 10:31:11.979 DEBUG 7649 --- [           main] o.s.w.s.h.BeanNameUrlHandlerMapping      : Rejected bean name 'tomcatEmbeddedServletContainerFactory': no URL paths identified
2018-02-07 10:31:11.979 DEBUG 7649 --- [           main] o.s.w.s.h.BeanNameUrlHandlerMapping      : Rejected bean name 'org.springframework.boot.autoconfigure.web.EmbeddedServletContainerAutoConfiguration': no URL paths identified
2018-02-07 10:31:11.980 DEBUG 7649 --- [           main] o.s.w.s.h.BeanNameUrlHandlerMapping      : Rejected bean name 'embeddedServletContainerCustomizerBeanPostProcessor': no URL paths identified
2018-02-07 10:31:11.980 DEBUG 7649 --- [           main] o.s.w.s.h.BeanNameUrlHandlerMapping      : Rejected bean name 'errorPageRegistrarBeanPostProcessor': no URL paths identified
2018-02-07 10:31:11.980 DEBUG 7649 --- [           main] o.s.w.s.h.BeanNameUrlHandlerMapping      : Rejected bean name 'org.springframework.boot.autoconfigure.web.DispatcherServletAutoConfiguration$DispatcherServletConfiguration': no URL paths identified
2018-02-07 10:31:11.981 DEBUG 7649 --- [           main] o.s.w.s.h.BeanNameUrlHandlerMapping      : Rejected bean name 'dispatcherServlet': no URL paths identified
2018-02-07 10:31:11.984 DEBUG 7649 --- [           main] o.s.w.s.h.BeanNameUrlHandlerMapping      : Rejected bean name 'spring.mvc-org.springframework.boot.autoconfigure.web.WebMvcProperties': no URL paths identified
2018-02-07 10:31:11.984 DEBUG 7649 --- [           main] o.s.w.s.h.BeanNameUrlHandlerMapping      : Rejected bean name 'org.springframework.boot.autoconfigure.web.DispatcherServletAutoConfiguration$DispatcherServletRegistrationConfiguration': no URL paths identified
2018-02-07 10:31:12.048 DEBUG 7649 --- [           main] o.s.w.s.h.BeanNameUrlHandlerMapping      : Rejected bean name 'dispatcherServletRegistration': no URL paths identified
2018-02-07 10:31:12.049 DEBUG 7649 --- [           main] o.s.w.s.h.BeanNameUrlHandlerMapping      : Rejected bean name 'org.springframework.boot.autoconfigure.web.DispatcherServletAutoConfiguration': no URL paths identified
2018-02-07 10:31:12.049 DEBUG 7649 --- [           main] o.s.w.s.h.BeanNameUrlHandlerMapping      : Rejected bean name 'org.springframework.boot.autoconfigure.validation.ValidationAutoConfiguration': no URL paths identified
2018-02-07 10:31:12.050 DEBUG 7649 --- [           main] o.s.w.s.h.BeanNameUrlHandlerMapping      : Rejected bean name 'defaultValidator': no URL paths identified
2018-02-07 10:31:12.050 DEBUG 7649 --- [           main] o.s.w.s.h.BeanNameUrlHandlerMapping      : Rejected bean name 'methodValidationPostProcessor': no URL paths identified
2018-02-07 10:31:12.052 DEBUG 7649 --- [           main] o.s.w.s.h.BeanNameUrlHandlerMapping      : Rejected bean name 'org.springframework.boot.autoconfigure.web.ErrorMvcAutoConfiguration$WhitelabelErrorViewConfiguration': no URL paths identified
2018-02-07 10:31:12.052 DEBUG 7649 --- [           main] o.s.w.s.h.BeanNameUrlHandlerMapping      : Rejected bean name 'error': no URL paths identified
2018-02-07 10:31:12.053 DEBUG 7649 --- [           main] o.s.w.s.h.BeanNameUrlHandlerMapping      : Rejected bean name 'beanNameViewResolver': no URL paths identified
2018-02-07 10:31:12.053 DEBUG 7649 --- [           main] o.s.w.s.h.BeanNameUrlHandlerMapping      : Rejected bean name 'org.springframework.boot.autoconfigure.web.ErrorMvcAutoConfiguration$DefaultErrorViewResolverConfiguration': no URL paths identified
2018-02-07 10:31:12.056 DEBUG 7649 --- [           main] o.s.w.s.h.BeanNameUrlHandlerMapping      : Rejected bean name 'conventionErrorViewResolver': no URL paths identified
2018-02-07 10:31:12.057 DEBUG 7649 --- [           main] o.s.w.s.h.BeanNameUrlHandlerMapping      : Rejected bean name 'org.springframework.boot.autoconfigure.web.ErrorMvcAutoConfiguration': no URL paths identified
2018-02-07 10:31:12.057 DEBUG 7649 --- [           main] o.s.w.s.h.BeanNameUrlHandlerMapping      : Rejected bean name 'errorAttributes': no URL paths identified
2018-02-07 10:31:12.057 DEBUG 7649 --- [           main] o.s.w.s.h.BeanNameUrlHandlerMapping      : Rejected bean name 'basicErrorController': no URL paths identified
2018-02-07 10:31:12.057 DEBUG 7649 --- [           main] o.s.w.s.h.BeanNameUrlHandlerMapping      : Rejected bean name 'errorPageCustomizer': no URL paths identified
2018-02-07 10:31:12.058 DEBUG 7649 --- [           main] o.s.w.s.h.BeanNameUrlHandlerMapping      : Rejected bean name 'preserveErrorControllerTargetClassPostProcessor': no URL paths identified
2018-02-07 10:31:12.058 DEBUG 7649 --- [           main] o.s.w.s.h.BeanNameUrlHandlerMapping      : Rejected bean name 'spring.resources-org.springframework.boot.autoconfigure.web.ResourceProperties': no URL paths identified
2018-02-07 10:31:12.058 DEBUG 7649 --- [           main] o.s.w.s.h.BeanNameUrlHandlerMapping      : Rejected bean name 'org.springframework.boot.autoconfigure.web.WebMvcAutoConfiguration$EnableWebMvcConfiguration': no URL paths identified
2018-02-07 10:31:12.058 DEBUG 7649 --- [           main] o.s.w.s.h.BeanNameUrlHandlerMapping      : Rejected bean name 'requestMappingHandlerAdapter': no URL paths identified
2018-02-07 10:31:12.058 DEBUG 7649 --- [           main] o.s.w.s.h.BeanNameUrlHandlerMapping      : Rejected bean name 'requestMappingHandlerMapping': no URL paths identified
2018-02-07 10:31:12.059 DEBUG 7649 --- [           main] o.s.w.s.h.BeanNameUrlHandlerMapping      : Rejected bean name 'mvcValidator': no URL paths identified
2018-02-07 10:31:12.059 DEBUG 7649 --- [           main] o.s.w.s.h.BeanNameUrlHandlerMapping      : Rejected bean name 'mvcContentNegotiationManager': no URL paths identified
2018-02-07 10:31:12.059 DEBUG 7649 --- [           main] o.s.w.s.h.BeanNameUrlHandlerMapping      : Rejected bean name 'mvcPathMatcher': no URL paths identified
2018-02-07 10:31:12.059 DEBUG 7649 --- [           main] o.s.w.s.h.BeanNameUrlHandlerMapping      : Rejected bean name 'mvcUrlPathHelper': no URL paths identified
2018-02-07 10:31:12.060 DEBUG 7649 --- [           main] o.s.w.s.h.BeanNameUrlHandlerMapping      : Rejected bean name 'viewControllerHandlerMapping': no URL paths identified
2018-02-07 10:31:12.062 DEBUG 7649 --- [           main] o.s.w.s.h.BeanNameUrlHandlerMapping      : Rejected bean name 'beanNameHandlerMapping': no URL paths identified
2018-02-07 10:31:12.062 DEBUG 7649 --- [           main] o.s.w.s.h.BeanNameUrlHandlerMapping      : Rejected bean name 'resourceHandlerMapping': no URL paths identified
2018-02-07 10:31:12.062 DEBUG 7649 --- [           main] o.s.w.s.h.BeanNameUrlHandlerMapping      : Rejected bean name 'mvcResourceUrlProvider': no URL paths identified
2018-02-07 10:31:12.063 DEBUG 7649 --- [           main] o.s.w.s.h.BeanNameUrlHandlerMapping      : Rejected bean name 'defaultServletHandlerMapping': no URL paths identified
2018-02-07 10:31:12.063 DEBUG 7649 --- [           main] o.s.w.s.h.BeanNameUrlHandlerMapping      : Rejected bean name 'mvcConversionService': no URL paths identified
2018-02-07 10:31:12.063 DEBUG 7649 --- [           main] o.s.w.s.h.BeanNameUrlHandlerMapping      : Rejected bean name 'mvcUriComponentsContributor': no URL paths identified
2018-02-07 10:31:12.063 DEBUG 7649 --- [           main] o.s.w.s.h.BeanNameUrlHandlerMapping      : Rejected bean name 'httpRequestHandlerAdapter': no URL paths identified
2018-02-07 10:31:12.063 DEBUG 7649 --- [           main] o.s.w.s.h.BeanNameUrlHandlerMapping      : Rejected bean name 'simpleControllerHandlerAdapter': no URL paths identified
2018-02-07 10:31:12.064 DEBUG 7649 --- [           main] o.s.w.s.h.BeanNameUrlHandlerMapping      : Rejected bean name 'handlerExceptionResolver': no URL paths identified
2018-02-07 10:31:12.064 DEBUG 7649 --- [           main] o.s.w.s.h.BeanNameUrlHandlerMapping      : Rejected bean name 'mvcViewResolver': no URL paths identified
2018-02-07 10:31:12.064 DEBUG 7649 --- [           main] o.s.w.s.h.BeanNameUrlHandlerMapping      : Rejected bean name 'mvcHandlerMappingIntrospector': no URL paths identified
2018-02-07 10:31:12.064 DEBUG 7649 --- [           main] o.s.w.s.h.BeanNameUrlHandlerMapping      : Rejected bean name 'org.springframework.boot.autoconfigure.web.WebMvcAutoConfiguration$WebMvcAutoConfigurationAdapter$FaviconConfiguration': no URL paths identified
2018-02-07 10:31:12.066 DEBUG 7649 --- [           main] o.s.w.s.h.BeanNameUrlHandlerMapping      : Rejected bean name 'faviconHandlerMapping': no URL paths identified
2018-02-07 10:31:12.067 DEBUG 7649 --- [           main] o.s.w.s.h.BeanNameUrlHandlerMapping      : Rejected bean name 'faviconRequestHandler': no URL paths identified
2018-02-07 10:31:12.067 DEBUG 7649 --- [           main] o.s.w.s.h.BeanNameUrlHandlerMapping      : Rejected bean name 'org.springframework.boot.autoconfigure.web.WebMvcAutoConfiguration$WebMvcAutoConfigurationAdapter': no URL paths identified
2018-02-07 10:31:12.067 DEBUG 7649 --- [           main] o.s.w.s.h.BeanNameUrlHandlerMapping      : Rejected bean name 'defaultViewResolver': no URL paths identified
2018-02-07 10:31:12.067 DEBUG 7649 --- [           main] o.s.w.s.h.BeanNameUrlHandlerMapping      : Rejected bean name 'viewResolver': no URL paths identified
2018-02-07 10:31:12.067 DEBUG 7649 --- [           main] o.s.w.s.h.BeanNameUrlHandlerMapping      : Rejected bean name 'welcomePageHandlerMapping': no URL paths identified
2018-02-07 10:31:12.068 DEBUG 7649 --- [           main] o.s.w.s.h.BeanNameUrlHandlerMapping      : Rejected bean name 'requestContextFilter': no URL paths identified
2018-02-07 10:31:12.068 DEBUG 7649 --- [           main] o.s.w.s.h.BeanNameUrlHandlerMapping      : Rejected bean name 'org.springframework.boot.autoconfigure.web.WebMvcAutoConfiguration': no URL paths identified
2018-02-07 10:31:12.068 DEBUG 7649 --- [           main] o.s.w.s.h.BeanNameUrlHandlerMapping      : Rejected bean name 'hiddenHttpMethodFilter': no URL paths identified
2018-02-07 10:31:12.068 DEBUG 7649 --- [           main] o.s.w.s.h.BeanNameUrlHandlerMapping      : Rejected bean name 'httpPutFormContentFilter': no URL paths identified
2018-02-07 10:31:12.070 DEBUG 7649 --- [           main] o.s.w.s.h.BeanNameUrlHandlerMapping      : Rejected bean name 'org.springframework.boot.autoconfigure.jmx.JmxAutoConfiguration': no URL paths identified
2018-02-07 10:31:12.071 DEBUG 7649 --- [           main] o.s.w.s.h.BeanNameUrlHandlerMapping      : Rejected bean name 'mbeanExporter': no URL paths identified
2018-02-07 10:31:12.071 DEBUG 7649 --- [           main] o.s.w.s.h.BeanNameUrlHandlerMapping      : Rejected bean name 'objectNamingStrategy': no URL paths identified
2018-02-07 10:31:12.071 DEBUG 7649 --- [           main] o.s.w.s.h.BeanNameUrlHandlerMapping      : Rejected bean name 'mbeanServer': no URL paths identified
2018-02-07 10:31:12.071 DEBUG 7649 --- [           main] o.s.w.s.h.BeanNameUrlHandlerMapping      : Rejected bean name 'org.springframework.boot.autoconfigure.aop.AopAutoConfiguration$JdkDynamicAutoProxyConfiguration': no URL paths identified
2018-02-07 10:31:12.072 DEBUG 7649 --- [           main] o.s.w.s.h.BeanNameUrlHandlerMapping      : Rejected bean name 'org.springframework.aop.config.internalAutoProxyCreator': no URL paths identified
2018-02-07 10:31:12.072 DEBUG 7649 --- [           main] o.s.w.s.h.BeanNameUrlHandlerMapping      : Rejected bean name 'org.springframework.boot.autoconfigure.aop.AopAutoConfiguration': no URL paths identified
2018-02-07 10:31:12.072 DEBUG 7649 --- [           main] o.s.w.s.h.BeanNameUrlHandlerMapping      : Rejected bean name 'org.springframework.boot.autoconfigure.transaction.jta.JtaAutoConfiguration': no URL paths identified
2018-02-07 10:31:12.072 DEBUG 7649 --- [           main] o.s.w.s.h.BeanNameUrlHandlerMapping      : Rejected bean name 'spring.jta-org.springframework.boot.autoconfigure.transaction.jta.JtaProperties': no URL paths identified
2018-02-07 10:31:12.072 DEBUG 7649 --- [           main] o.s.w.s.h.BeanNameUrlHandlerMapping      : Rejected bean name 'org.springframework.boot.autoconfigure.jdbc.DataSourceConfiguration$Tomcat': no URL paths identified
2018-02-07 10:31:12.072 DEBUG 7649 --- [           main] o.s.w.s.h.BeanNameUrlHandlerMapping      : Rejected bean name 'dataSource': no URL paths identified
2018-02-07 10:31:12.072 DEBUG 7649 --- [           main] o.s.w.s.h.BeanNameUrlHandlerMapping      : Rejected bean name 'org.springframework.boot.autoconfigure.jdbc.DataSourceAutoConfiguration$PooledDataSourceConfiguration': no URL paths identified
2018-02-07 10:31:12.072 DEBUG 7649 --- [           main] o.s.w.s.h.BeanNameUrlHandlerMapping      : Rejected bean name 'org.springframework.boot.autoconfigure.jdbc.metadata.DataSourcePoolMetadataProvidersConfiguration$TomcatDataSourcePoolMetadataProviderConfiguration': no URL paths identified
2018-02-07 10:31:12.073 DEBUG 7649 --- [           main] o.s.w.s.h.BeanNameUrlHandlerMapping      : Rejected bean name 'tomcatPoolDataSourceMetadataProvider': no URL paths identified
2018-02-07 10:31:12.073 DEBUG 7649 --- [           main] o.s.w.s.h.BeanNameUrlHandlerMapping      : Rejected bean name 'org.springframework.boot.autoconfigure.jdbc.metadata.DataSourcePoolMetadataProvidersConfiguration': no URL paths identified
2018-02-07 10:31:12.073 DEBUG 7649 --- [           main] o.s.w.s.h.BeanNameUrlHandlerMapping      : Rejected bean name 'org.springframework.boot.autoconfigure.jdbc.DataSourceAutoConfiguration': no URL paths identified
2018-02-07 10:31:12.074 DEBUG 7649 --- [           main] o.s.w.s.h.BeanNameUrlHandlerMapping      : Rejected bean name 'dataSourceInitializer': no URL paths identified
2018-02-07 10:31:12.075 DEBUG 7649 --- [           main] o.s.w.s.h.BeanNameUrlHandlerMapping      : Rejected bean name 'spring.datasource-org.springframework.boot.autoconfigure.jdbc.DataSourceProperties': no URL paths identified
2018-02-07 10:31:12.075 DEBUG 7649 --- [           main] o.s.w.s.h.BeanNameUrlHandlerMapping      : Rejected bean name 'dataSourceInitializerPostProcessor': no URL paths identified
2018-02-07 10:31:12.075 DEBUG 7649 --- [           main] o.s.w.s.h.BeanNameUrlHandlerMapping      : Rejected bean name 'org.springframework.boot.autoconfigure.orm.jpa.JpaBaseConfiguration$JpaWebConfiguration$JpaWebMvcConfiguration': no URL paths identified
2018-02-07 10:31:12.075 DEBUG 7649 --- [           main] o.s.w.s.h.BeanNameUrlHandlerMapping      : Rejected bean name 'openEntityManagerInViewInterceptor': no URL paths identified
2018-02-07 10:31:12.075 DEBUG 7649 --- [           main] o.s.w.s.h.BeanNameUrlHandlerMapping      : Rejected bean name 'org.springframework.boot.autoconfigure.orm.jpa.JpaBaseConfiguration$JpaWebConfiguration': no URL paths identified
2018-02-07 10:31:12.076 DEBUG 7649 --- [           main] o.s.w.s.h.BeanNameUrlHandlerMapping      : Rejected bean name 'org.springframework.boot.autoconfigure.orm.jpa.HibernateJpaAutoConfiguration': no URL paths identified
2018-02-07 10:31:12.076 DEBUG 7649 --- [           main] o.s.w.s.h.BeanNameUrlHandlerMapping      : Rejected bean name 'transactionManager': no URL paths identified
2018-02-07 10:31:12.077 DEBUG 7649 --- [           main] o.s.w.s.h.BeanNameUrlHandlerMapping      : Rejected bean name 'jpaVendorAdapter': no URL paths identified
2018-02-07 10:31:12.077 DEBUG 7649 --- [           main] o.s.w.s.h.BeanNameUrlHandlerMapping      : Rejected bean name 'entityManagerFactoryBuilder': no URL paths identified
2018-02-07 10:31:12.077 DEBUG 7649 --- [           main] o.s.w.s.h.BeanNameUrlHandlerMapping      : Rejected bean name 'entityManagerFactory': no URL paths identified
2018-02-07 10:31:12.078 DEBUG 7649 --- [           main] o.s.w.s.h.BeanNameUrlHandlerMapping      : Rejected bean name 'spring.jpa-org.springframework.boot.autoconfigure.orm.jpa.JpaProperties': no URL paths identified
2018-02-07 10:31:12.078 DEBUG 7649 --- [           main] o.s.w.s.h.BeanNameUrlHandlerMapping      : Rejected bean name 'dataSourceInitializedPublisher': no URL paths identified
2018-02-07 10:31:12.078 DEBUG 7649 --- [           main] o.s.w.s.h.BeanNameUrlHandlerMapping      : Rejected bean name 'org.springframework.boot.autoconfigure.context.ConfigurationPropertiesAutoConfiguration': no URL paths identified
2018-02-07 10:31:12.078 DEBUG 7649 --- [           main] o.s.w.s.h.BeanNameUrlHandlerMapping      : Rejected bean name 'org.springframework.boot.autoconfigure.dao.PersistenceExceptionTranslationAutoConfiguration': no URL paths identified
2018-02-07 10:31:12.079 DEBUG 7649 --- [           main] o.s.w.s.h.BeanNameUrlHandlerMapping      : Rejected bean name 'persistenceExceptionTranslationPostProcessor': no URL paths identified
2018-02-07 10:31:12.079 DEBUG 7649 --- [           main] o.s.w.s.h.BeanNameUrlHandlerMapping      : Rejected bean name 'org.springframework.boot.autoconfigure.data.jpa.JpaRepositoriesAutoConfiguration': no URL paths identified
2018-02-07 10:31:12.079 DEBUG 7649 --- [           main] o.s.w.s.h.BeanNameUrlHandlerMapping      : Rejected bean name 'emBeanDefinitionRegistrarPostProcessor': no URL paths identified
2018-02-07 10:31:12.079 DEBUG 7649 --- [           main] o.s.w.s.h.BeanNameUrlHandlerMapping      : Rejected bean name 'jpaMappingContext': no URL paths identified
2018-02-07 10:31:12.080 DEBUG 7649 --- [           main] o.s.w.s.h.BeanNameUrlHandlerMapping      : Rejected bean name 'jpaContext': no URL paths identified
2018-02-07 10:31:12.080 DEBUG 7649 --- [           main] o.s.w.s.h.BeanNameUrlHandlerMapping      : Rejected bean name 'merchantRepository': no URL paths identified
2018-02-07 10:31:12.080 DEBUG 7649 --- [           main] o.s.w.s.h.BeanNameUrlHandlerMapping      : Rejected bean name 'deviceRepository': no URL paths identified
2018-02-07 10:31:12.080 DEBUG 7649 --- [           main] o.s.w.s.h.BeanNameUrlHandlerMapping      : Rejected bean name 'paymentRepository': no URL paths identified
2018-02-07 10:31:12.080 DEBUG 7649 --- [           main] o.s.w.s.h.BeanNameUrlHandlerMapping      : Rejected bean name 'accountRepository': no URL paths identified
2018-02-07 10:31:12.081 DEBUG 7649 --- [           main] o.s.w.s.h.BeanNameUrlHandlerMapping      : Rejected bean name 'tripRepository': no URL paths identified
2018-02-07 10:31:12.081 DEBUG 7649 --- [           main] o.s.w.s.h.BeanNameUrlHandlerMapping      : Rejected bean name 'org.springframework.boot.autoconfigure.web.HttpMessageConvertersAutoConfiguration$StringHttpMessageConverterConfiguration': no URL paths identified
2018-02-07 10:31:12.082 DEBUG 7649 --- [           main] o.s.w.s.h.BeanNameUrlHandlerMapping      : Rejected bean name 'stringHttpMessageConverter': no URL paths identified
2018-02-07 10:31:12.084 DEBUG 7649 --- [           main] o.s.w.s.h.BeanNameUrlHandlerMapping      : Rejected bean name 'spring.http.encoding-org.springframework.boot.autoconfigure.web.HttpEncodingProperties': no URL paths identified
2018-02-07 10:31:12.084 DEBUG 7649 --- [           main] o.s.w.s.h.BeanNameUrlHandlerMapping      : Rejected bean name 'org.springframework.boot.autoconfigure.web.JacksonHttpMessageConvertersConfiguration$MappingJackson2HttpMessageConverterConfiguration': no URL paths identified
2018-02-07 10:31:12.084 DEBUG 7649 --- [           main] o.s.w.s.h.BeanNameUrlHandlerMapping      : Rejected bean name 'mappingJackson2HttpMessageConverter': no URL paths identified
2018-02-07 10:31:12.084 DEBUG 7649 --- [           main] o.s.w.s.h.BeanNameUrlHandlerMapping      : Rejected bean name 'org.springframework.boot.autoconfigure.web.JacksonHttpMessageConvertersConfiguration': no URL paths identified
2018-02-07 10:31:12.085 DEBUG 7649 --- [           main] o.s.w.s.h.BeanNameUrlHandlerMapping      : Rejected bean name 'org.springframework.boot.autoconfigure.web.HttpMessageConvertersAutoConfiguration': no URL paths identified
2018-02-07 10:31:12.085 DEBUG 7649 --- [           main] o.s.w.s.h.BeanNameUrlHandlerMapping      : Rejected bean name 'messageConverters': no URL paths identified
2018-02-07 10:31:12.085 DEBUG 7649 --- [           main] o.s.w.s.h.BeanNameUrlHandlerMapping      : Rejected bean name 'org.springframework.data.web.config.SpringDataWebConfiguration': no URL paths identified
2018-02-07 10:31:12.085 DEBUG 7649 --- [           main] o.s.w.s.h.BeanNameUrlHandlerMapping      : Rejected bean name 'pageableResolver': no URL paths identified
2018-02-07 10:31:12.085 DEBUG 7649 --- [           main] o.s.w.s.h.BeanNameUrlHandlerMapping      : Rejected bean name 'sortResolver': no URL paths identified
2018-02-07 10:31:12.088 DEBUG 7649 --- [           main] o.s.w.s.h.BeanNameUrlHandlerMapping      : Rejected bean name 'org.springframework.data.web.config.SpringDataJacksonConfiguration': no URL paths identified
2018-02-07 10:31:12.088 DEBUG 7649 --- [           main] o.s.w.s.h.BeanNameUrlHandlerMapping      : Rejected bean name 'jacksonGeoModule': no URL paths identified
2018-02-07 10:31:12.089 DEBUG 7649 --- [           main] o.s.w.s.h.BeanNameUrlHandlerMapping      : Rejected bean name 'org.springframework.boot.autoconfigure.data.web.SpringDataWebAutoConfiguration': no URL paths identified
2018-02-07 10:31:12.089 DEBUG 7649 --- [           main] o.s.w.s.h.BeanNameUrlHandlerMapping      : Rejected bean name 'org.springframework.boot.autoconfigure.security.AuthenticationManagerConfiguration': no URL paths identified
2018-02-07 10:31:12.089 DEBUG 7649 --- [           main] o.s.w.s.h.BeanNameUrlHandlerMapping      : Rejected bean name 'authenticationManager': no URL paths identified
2018-02-07 10:31:12.089 DEBUG 7649 --- [           main] o.s.w.s.h.BeanNameUrlHandlerMapping      : Rejected bean name 'springBootAuthenticationConfigurerAdapter': no URL paths identified
2018-02-07 10:31:12.089 DEBUG 7649 --- [           main] o.s.w.s.h.BeanNameUrlHandlerMapping      : Rejected bean name 'authenticationManagerConfigurationListener': no URL paths identified
2018-02-07 10:31:12.089 DEBUG 7649 --- [           main] o.s.w.s.h.BeanNameUrlHandlerMapping      : Rejected bean name 'org.springframework.boot.autoconfigure.security.BootGlobalAuthenticationConfiguration': no URL paths identified
2018-02-07 10:31:12.090 DEBUG 7649 --- [           main] o.s.w.s.h.BeanNameUrlHandlerMapping      : Rejected bean name 'bootGlobalAuthenticationConfigurationAdapter': no URL paths identified
2018-02-07 10:31:12.090 DEBUG 7649 --- [           main] o.s.w.s.h.BeanNameUrlHandlerMapping      : Rejected bean name 'org.springframework.boot.autoconfigure.security.SecurityAutoConfiguration': no URL paths identified
2018-02-07 10:31:12.090 DEBUG 7649 --- [           main] o.s.w.s.h.BeanNameUrlHandlerMapping      : Rejected bean name 'authenticationEventPublisher': no URL paths identified
2018-02-07 10:31:12.090 DEBUG 7649 --- [           main] o.s.w.s.h.BeanNameUrlHandlerMapping      : Rejected bean name 'securityProperties': no URL paths identified
2018-02-07 10:31:12.090 DEBUG 7649 --- [           main] o.s.w.s.h.BeanNameUrlHandlerMapping      : Rejected bean name 'org.springframework.boot.autoconfigure.info.ProjectInfoAutoConfiguration': no URL paths identified
2018-02-07 10:31:12.091 DEBUG 7649 --- [           main] o.s.w.s.h.BeanNameUrlHandlerMapping      : Rejected bean name 'spring.info-org.springframework.boot.autoconfigure.info.ProjectInfoProperties': no URL paths identified
2018-02-07 10:31:12.091 DEBUG 7649 --- [           main] o.s.w.s.h.BeanNameUrlHandlerMapping      : Rejected bean name 'org.springframework.boot.autoconfigure.jdbc.DataSourceTransactionManagerAutoConfiguration$DataSourceTransactionManagerConfiguration': no URL paths identified
2018-02-07 10:31:12.091 DEBUG 7649 --- [           main] o.s.w.s.h.BeanNameUrlHandlerMapping      : Rejected bean name 'org.springframework.boot.autoconfigure.jdbc.DataSourceTransactionManagerAutoConfiguration': no URL paths identified
2018-02-07 10:31:12.091 DEBUG 7649 --- [           main] o.s.w.s.h.BeanNameUrlHandlerMapping      : Rejected bean name 'org.springframework.boot.autoconfigure.jdbc.JdbcTemplateAutoConfiguration': no URL paths identified
2018-02-07 10:31:12.091 DEBUG 7649 --- [           main] o.s.w.s.h.BeanNameUrlHandlerMapping      : Rejected bean name 'jdbcTemplate': no URL paths identified
2018-02-07 10:31:12.091 DEBUG 7649 --- [           main] o.s.w.s.h.BeanNameUrlHandlerMapping      : Rejected bean name 'namedParameterJdbcTemplate': no URL paths identified
2018-02-07 10:31:12.092 DEBUG 7649 --- [           main] o.s.w.s.h.BeanNameUrlHandlerMapping      : Rejected bean name 'org.springframework.transaction.annotation.ProxyTransactionManagementConfiguration': no URL paths identified
2018-02-07 10:31:12.092 DEBUG 7649 --- [           main] o.s.w.s.h.BeanNameUrlHandlerMapping      : Rejected bean name 'org.springframework.transaction.config.internalTransactionAdvisor': no URL paths identified
2018-02-07 10:31:12.093 DEBUG 7649 --- [           main] o.s.w.s.h.BeanNameUrlHandlerMapping      : Rejected bean name 'transactionAttributeSource': no URL paths identified
2018-02-07 10:31:12.093 DEBUG 7649 --- [           main] o.s.w.s.h.BeanNameUrlHandlerMapping      : Rejected bean name 'transactionInterceptor': no URL paths identified
2018-02-07 10:31:12.093 DEBUG 7649 --- [           main] o.s.w.s.h.BeanNameUrlHandlerMapping      : Rejected bean name 'org.springframework.transaction.config.internalTransactionalEventListenerFactory': no URL paths identified
2018-02-07 10:31:12.093 DEBUG 7649 --- [           main] o.s.w.s.h.BeanNameUrlHandlerMapping      : Rejected bean name 'org.springframework.boot.autoconfigure.transaction.TransactionAutoConfiguration$EnableTransactionManagementConfiguration$CglibAutoProxyConfiguration': no URL paths identified
2018-02-07 10:31:12.093 DEBUG 7649 --- [           main] o.s.w.s.h.BeanNameUrlHandlerMapping      : Rejected bean name 'org.springframework.boot.autoconfigure.transaction.TransactionAutoConfiguration$EnableTransactionManagementConfiguration': no URL paths identified
2018-02-07 10:31:12.094 DEBUG 7649 --- [           main] o.s.w.s.h.BeanNameUrlHandlerMapping      : Rejected bean name 'org.springframework.boot.autoconfigure.transaction.TransactionAutoConfiguration$TransactionTemplateConfiguration': no URL paths identified
2018-02-07 10:31:12.095 DEBUG 7649 --- [           main] o.s.w.s.h.BeanNameUrlHandlerMapping      : Rejected bean name 'transactionTemplate': no URL paths identified
2018-02-07 10:31:12.095 DEBUG 7649 --- [           main] o.s.w.s.h.BeanNameUrlHandlerMapping      : Rejected bean name 'org.springframework.boot.autoconfigure.transaction.TransactionAutoConfiguration': no URL paths identified
2018-02-07 10:31:12.095 DEBUG 7649 --- [           main] o.s.w.s.h.BeanNameUrlHandlerMapping      : Rejected bean name 'platformTransactionManagerCustomizers': no URL paths identified
2018-02-07 10:31:12.096 DEBUG 7649 --- [           main] o.s.w.s.h.BeanNameUrlHandlerMapping      : Rejected bean name 'spring.transaction-org.springframework.boot.autoconfigure.transaction.TransactionProperties': no URL paths identified
2018-02-07 10:31:12.096 DEBUG 7649 --- [           main] o.s.w.s.h.BeanNameUrlHandlerMapping      : Rejected bean name 'org.springframework.boot.autoconfigure.security.SecurityFilterAutoConfiguration': no URL paths identified
2018-02-07 10:31:12.096 DEBUG 7649 --- [           main] o.s.w.s.h.BeanNameUrlHandlerMapping      : Rejected bean name 'securityFilterChainRegistration': no URL paths identified
2018-02-07 10:31:12.096 DEBUG 7649 --- [           main] o.s.w.s.h.BeanNameUrlHandlerMapping      : Rejected bean name 'org.springframework.boot.autoconfigure.web.HttpEncodingAutoConfiguration': no URL paths identified
2018-02-07 10:31:12.097 DEBUG 7649 --- [           main] o.s.w.s.h.BeanNameUrlHandlerMapping      : Rejected bean name 'characterEncodingFilter': no URL paths identified
2018-02-07 10:31:12.098 DEBUG 7649 --- [           main] o.s.w.s.h.BeanNameUrlHandlerMapping      : Rejected bean name 'localeCharsetMappingsCustomizer': no URL paths identified
2018-02-07 10:31:12.099 DEBUG 7649 --- [           main] o.s.w.s.h.BeanNameUrlHandlerMapping      : Rejected bean name 'org.springframework.boot.autoconfigure.web.MultipartAutoConfiguration': no URL paths identified
2018-02-07 10:31:12.099 DEBUG 7649 --- [           main] o.s.w.s.h.BeanNameUrlHandlerMapping      : Rejected bean name 'multipartConfigElement': no URL paths identified
2018-02-07 10:31:12.100 DEBUG 7649 --- [           main] o.s.w.s.h.BeanNameUrlHandlerMapping      : Rejected bean name 'multipartResolver': no URL paths identified
2018-02-07 10:31:12.100 DEBUG 7649 --- [           main] o.s.w.s.h.BeanNameUrlHandlerMapping      : Rejected bean name 'spring.http.multipart-org.springframework.boot.autoconfigure.web.MultipartProperties': no URL paths identified
2018-02-07 10:31:12.100 DEBUG 7649 --- [           main] o.s.w.s.h.BeanNameUrlHandlerMapping      : Rejected bean name 'org.springframework.boot.autoconfigure.web.ServerPropertiesAutoConfiguration': no URL paths identified
2018-02-07 10:31:12.100 DEBUG 7649 --- [           main] o.s.w.s.h.BeanNameUrlHandlerMapping      : Rejected bean name 'serverProperties': no URL paths identified
2018-02-07 10:31:12.101 DEBUG 7649 --- [           main] o.s.w.s.h.BeanNameUrlHandlerMapping      : Rejected bean name 'duplicateServerPropertiesDetector': no URL paths identified
2018-02-07 10:31:12.102 DEBUG 7649 --- [           main] o.s.w.s.h.BeanNameUrlHandlerMapping      : Rejected bean name 'org.springframework.boot.autoconfigure.web.WebClientAutoConfiguration$RestTemplateConfiguration': no URL paths identified
2018-02-07 10:31:12.102 DEBUG 7649 --- [           main] o.s.w.s.h.BeanNameUrlHandlerMapping      : Rejected bean name 'restTemplateBuilder': no URL paths identified
2018-02-07 10:31:12.102 DEBUG 7649 --- [           main] o.s.w.s.h.BeanNameUrlHandlerMapping      : Rejected bean name 'org.springframework.boot.autoconfigure.web.WebClientAutoConfiguration': no URL paths identified
2018-02-07 10:31:12.102 DEBUG 7649 --- [           main] o.s.w.s.h.BeanNameUrlHandlerMapping      : Rejected bean name 'org.springframework.orm.jpa.SharedEntityManagerCreator#0': no URL paths identified
2018-02-07 10:31:12.103 DEBUG 7649 --- [           main] o.s.w.s.h.BeanNameUrlHandlerMapping      : Rejected bean name 'autoConfigurationReport': no URL paths identified
2018-02-07 10:31:12.104 DEBUG 7649 --- [           main] o.s.w.s.h.BeanNameUrlHandlerMapping      : Rejected bean name 'springApplicationArguments': no URL paths identified
2018-02-07 10:31:12.104 DEBUG 7649 --- [           main] o.s.w.s.h.BeanNameUrlHandlerMapping      : Rejected bean name 'springBootBanner': no URL paths identified
2018-02-07 10:31:12.105 DEBUG 7649 --- [           main] o.s.w.s.h.BeanNameUrlHandlerMapping      : Rejected bean name 'springBootLoggingSystem': no URL paths identified
2018-02-07 10:31:12.106 DEBUG 7649 --- [           main] o.s.w.s.h.BeanNameUrlHandlerMapping      : Rejected bean name 'environment': no URL paths identified
2018-02-07 10:31:12.107 DEBUG 7649 --- [           main] o.s.w.s.h.BeanNameUrlHandlerMapping      : Rejected bean name 'systemProperties': no URL paths identified
2018-02-07 10:31:12.107 DEBUG 7649 --- [           main] o.s.w.s.h.BeanNameUrlHandlerMapping      : Rejected bean name 'systemEnvironment': no URL paths identified
2018-02-07 10:31:12.107 DEBUG 7649 --- [           main] o.s.w.s.h.BeanNameUrlHandlerMapping      : Rejected bean name 'org.springframework.context.annotation.ConfigurationClassPostProcessor.importRegistry': no URL paths identified
2018-02-07 10:31:12.107 DEBUG 7649 --- [           main] o.s.w.s.h.BeanNameUrlHandlerMapping      : Rejected bean name 'messageSource': no URL paths identified
2018-02-07 10:31:12.108 DEBUG 7649 --- [           main] o.s.w.s.h.BeanNameUrlHandlerMapping      : Rejected bean name 'applicationEventMulticaster': no URL paths identified
2018-02-07 10:31:12.289 DEBUG 7649 --- [           main] o.s.w.s.h.BeanNameUrlHandlerMapping      : Rejected bean name 'servletContext': no URL paths identified
2018-02-07 10:31:12.289 DEBUG 7649 --- [           main] o.s.w.s.h.BeanNameUrlHandlerMapping      : Rejected bean name 'contextParameters': no URL paths identified
2018-02-07 10:31:12.289 DEBUG 7649 --- [           main] o.s.w.s.h.BeanNameUrlHandlerMapping      : Rejected bean name 'contextAttributes': no URL paths identified
2018-02-07 10:31:12.320  INFO 7649 --- [           main] o.s.w.s.handler.SimpleUrlHandlerMapping  : Mapped URL path [/webjars/**] onto handler of type [class org.springframework.web.servlet.resource.ResourceHttpRequestHandler]
2018-02-07 10:31:12.320  INFO 7649 --- [           main] o.s.w.s.handler.SimpleUrlHandlerMapping  : Mapped URL path [/**] onto handler of type [class org.springframework.web.servlet.resource.ResourceHttpRequestHandler]
2018-02-07 10:31:12.535 DEBUG 7649 --- [           main] .m.m.a.ExceptionHandlerExceptionResolver : Looking for exception mappings: org.springframework.boot.context.embedded.AnnotationConfigEmbeddedWebApplicationContext@2328c243: startup date [Wed Feb 07 10:30:11 EAT 2018]; root of context hierarchy
2018-02-07 10:31:12.553  INFO 7649 --- [           main] .m.m.a.ExceptionHandlerExceptionResolver : Detected @ExceptionHandler methods in customResponseEntityExceptionHandler
2018-02-07 10:31:12.666  INFO 7649 --- [           main] o.s.w.s.handler.SimpleUrlHandlerMapping  : Mapped URL path [/**/favicon.ico] onto handler of type [class org.springframework.web.servlet.resource.ResourceHttpRequestHandler]
2018-02-07 10:31:16.260 DEBUG 7649 --- [           main] o.s.w.s.resource.ResourceUrlProvider     : Looking for resource handler mappings
2018-02-07 10:31:16.262 DEBUG 7649 --- [           main] o.s.w.s.resource.ResourceUrlProvider     : Found resource handler mapping: URL pattern="/**/favicon.ico", locations=[ServletContext resource [/], class path resource [META-INF/resources/], class path resource [resources/], class path resource [static/], class path resource [public/], class path resource []], resolvers=[org.springframework.web.servlet.resource.PathResourceResolver@758c83d8]
2018-02-07 10:31:16.264 DEBUG 7649 --- [           main] o.s.w.s.resource.ResourceUrlProvider     : Found resource handler mapping: URL pattern="/webjars/**", locations=[class path resource [META-INF/resources/webjars/]], resolvers=[org.springframework.web.servlet.resource.PathResourceResolver@129b4fe2]
2018-02-07 10:31:16.264 DEBUG 7649 --- [           main] o.s.w.s.resource.ResourceUrlProvider     : Found resource handler mapping: URL pattern="/**", locations=[ServletContext resource [/], class path resource [META-INF/resources/], class path resource [resources/], class path resource [static/], class path resource [public/]], resolvers=[org.springframework.web.servlet.resource.PathResourceResolver@5af3a0f]
2018-02-07 10:31:16.524 DEBUG 7649 --- [           main] o.s.w.c.s.StandardServletEnvironment     : Adding PropertySource 'server.ports' with highest search precedence
2018-02-07 10:32:13.070 DEBUG 7649 --- [nio-8080-exec-1] o.s.web.servlet.DispatcherServlet        : Initializing servlet 'dispatcherServlet'
2018-02-07 10:32:13.071  INFO 7649 --- [nio-8080-exec-1] o.s.web.servlet.DispatcherServlet        : FrameworkServlet 'dispatcherServlet': initialization started
2018-02-07 10:32:13.072 DEBUG 7649 --- [nio-8080-exec-1] o.s.web.servlet.DispatcherServlet        : Using MultipartResolver [org.springframework.web.multipart.support.StandardServletMultipartResolver@328cf0e1]
2018-02-07 10:32:13.100 DEBUG 7649 --- [nio-8080-exec-1] o.s.web.servlet.DispatcherServlet        : Unable to locate LocaleResolver with name 'localeResolver': using default [org.springframework.web.servlet.i18n.AcceptHeaderLocaleResolver@8ccd65]
2018-02-07 10:32:13.117 DEBUG 7649 --- [nio-8080-exec-1] o.s.web.servlet.DispatcherServlet        : Unable to locate ThemeResolver with name 'themeResolver': using default [org.springframework.web.servlet.theme.FixedThemeResolver@794ded58]
2018-02-07 10:32:13.220 DEBUG 7649 --- [nio-8080-exec-1] o.s.web.servlet.DispatcherServlet        : Unable to locate RequestToViewNameTranslator with name 'viewNameTranslator': using default [org.springframework.web.servlet.view.DefaultRequestToViewNameTranslator@1b82075c]
2018-02-07 10:32:13.252 DEBUG 7649 --- [nio-8080-exec-1] o.s.web.servlet.DispatcherServlet        : Unable to locate FlashMapManager with name 'flashMapManager': using default [org.springframework.web.servlet.support.SessionFlashMapManager@6bcb6787]
2018-02-07 10:32:13.253 DEBUG 7649 --- [nio-8080-exec-1] o.s.web.servlet.DispatcherServlet        : Published WebApplicationContext of servlet 'dispatcherServlet' as ServletContext attribute with name [org.springframework.web.servlet.FrameworkServlet.CONTEXT.dispatcherServlet]
2018-02-07 10:32:13.253  INFO 7649 --- [nio-8080-exec-1] o.s.web.servlet.DispatcherServlet        : FrameworkServlet 'dispatcherServlet': initialization completed in 181 ms
2018-02-07 10:32:13.255 DEBUG 7649 --- [nio-8080-exec-1] o.s.web.servlet.DispatcherServlet        : Servlet 'dispatcherServlet' configured successfully
2018-02-07 10:32:16.385 DEBUG 7649 --- [nio-8080-exec-1] o.s.web.servlet.DispatcherServlet        : DispatcherServlet with name 'dispatcherServlet' processing POST request for [/api/trips/9fa0756a-0599-48f5-974a-164538f8a5c4/start]
2018-02-07 10:32:16.390 DEBUG 7649 --- [nio-8080-exec-1] s.w.s.m.m.a.RequestMappingHandlerMapping : Looking up handler method for path /api/trips/9fa0756a-0599-48f5-974a-164538f8a5c4/start
2018-02-07 10:32:16.483 DEBUG 7649 --- [nio-8080-exec-1] s.w.s.m.m.a.RequestMappingHandlerMapping : Returning handler method [public org.springframework.http.ResponseEntity<rest.utils.responses.CustomResponse> rest.controllers.TripController.startTrip(java.util.UUID)]
2018-02-07 10:32:17.770 DEBUG 7649 --- [nio-8080-exec-1] o.s.w.s.m.m.a.HttpEntityMethodProcessor  : Written [rest.utils.responses.ErrorResponse@50d0d692] as "application/json" using [org.springframework.http.converter.json.MappingJackson2HttpMessageConverter@7b5a12ae]
2018-02-07 10:32:17.771 DEBUG 7649 --- [nio-8080-exec-1] o.s.web.servlet.DispatcherServlet        : Null ModelAndView returned to DispatcherServlet with name 'dispatcherServlet': assuming HandlerAdapter completed request handling
2018-02-07 10:32:17.773 DEBUG 7649 --- [nio-8080-exec-1] o.s.web.servlet.DispatcherServlet        : Successfully completed request
2018-02-07 10:32:58.637 DEBUG 7649 --- [nio-8080-exec-2] o.s.web.servlet.DispatcherServlet        : DispatcherServlet with name 'dispatcherServlet' processing POST request for [/api/trips/9fa0756a-0599-48f5-974a-164538f8a5c4/start]
2018-02-07 10:32:58.638 DEBUG 7649 --- [nio-8080-exec-2] s.w.s.m.m.a.RequestMappingHandlerMapping : Looking up handler method for path /api/trips/9fa0756a-0599-48f5-974a-164538f8a5c4/start
2018-02-07 10:32:58.657 DEBUG 7649 --- [nio-8080-exec-2] s.w.s.m.m.a.RequestMappingHandlerMapping : Returning handler method [public org.springframework.http.ResponseEntity<rest.utils.responses.CustomResponse> rest.controllers.TripController.startTrip(java.util.UUID)]
2018-02-07 10:32:58.699 DEBUG 7649 --- [nio-8080-exec-2] o.s.w.s.m.m.a.HttpEntityMethodProcessor  : Written [rest.utils.responses.ErrorResponse@117b3fb1] as "application/json" using [org.springframework.http.converter.json.MappingJackson2HttpMessageConverter@7b5a12ae]
2018-02-07 10:32:58.700 DEBUG 7649 --- [nio-8080-exec-2] o.s.web.servlet.DispatcherServlet        : Null ModelAndView returned to DispatcherServlet with name 'dispatcherServlet': assuming HandlerAdapter completed request handling
2018-02-07 10:32:58.700 DEBUG 7649 --- [nio-8080-exec-2] o.s.web.servlet.DispatcherServlet        : Successfully completed request
